code_examples/Camera2Video/app/build/intermediates/manifest_merge_blame_file/debug/manifest-merger-blame-debug-report.txt
1<?xml version="1.0" encoding="utf-8"?>
2<!--
3  ~ Copyright 2023 The Android Open Source Project
4  ~
5  ~ Licensed under the Apache License, Version 2.0 (the "License");
6  ~ you may not use this file except in compliance with the License.
7  ~ You may obtain a copy of the License at
8  ~
9  ~     https://www.apache.org/licenses/LICENSE-2.0
10  ~
11  ~ Unless required by applicable law or agreed to in writing, software
12  ~ distributed under the License is distributed on an "AS IS" BASIS,
13  ~ WITHOUT WARRANTIES OR CONDITIONS OF ANY KIND, either express or implied.
14  ~ See the License for the specific language governing permissions and
15  ~ limitations under the License.
16-->
17<manifest xmlns:android="http://schemas.android.com/apk/res/android"
18    package="com.arseniusgen.buffalo"
19    android:versionCode="1"
20    android:versionName="0.1.0" >
21
22    <uses-sdk
23        android:minSdkVersion="26"
23-->src/main/AndroidManifest.xml
24        android:targetSdkVersion="34" />
24-->src/main/AndroidManifest.xml
25
26    <!-- Permission declarations -->
27    <uses-permission android:name="android.permission.CAMERA" />
27-->src/main/AndroidManifest.xml:22:5-65
27-->src/main/AndroidManifest.xml:22:22-62
28    <uses-permission android:name="android.permission.RECORD_AUDIO" />
28-->src/main/AndroidManifest.xml:23:5-71
28-->src/main/AndroidManifest.xml:23:22-68
29    <uses-permission android:name="android.permission.INTERNET" />
29-->src/main/AndroidManifest.xml:24:5-67
29-->src/main/AndroidManifest.xml:24:22-64
30    <uses-permission android:name="android.permission.ACCESS_NETWORK_STATE" />
30-->src/main/AndroidManifest.xml:25:5-79
30-->src/main/AndroidManifest.xml:25:22-76
31
32    <!-- A camera with burst capability is required to use this application -->
33    <uses-feature android:name="android.hardware.camera.any" />
33-->src/main/AndroidManifest.xml:28:5-64
33-->src/main/AndroidManifest.xml:28:19-61
34
35    <application
35-->src/main/AndroidManifest.xml:30:5-64:19
36        android:allowBackup="true"
36-->src/main/AndroidManifest.xml:31:9-35
37        android:appComponentFactory="androidx.core.app.CoreComponentFactory"
37-->[androidx.core:core:1.8.0] AndroidManifest.xml:24:18-86
38        android:debuggable="true"
38-->src/main/AndroidManifest.xml:35:9-34
39        android:exported="false"
39-->src/main/AndroidManifest.xml:34:9-33
40        android:extractNativeLibs="false"
41        android:icon="@drawable/ic_launcher"
41-->src/main/AndroidManifest.xml:33:9-45
42        android:label="@string/app_name"
42-->src/main/AndroidManifest.xml:32:9-41
43        android:testOnly="true"
44        android:usesCleartextTraffic="true" >
44-->src/main/AndroidManifest.xml:36:9-44
45        <activity
45-->src/main/AndroidManifest.xml:39:9-51:20
46            android:name="com.arseniusgen.buffalo.CameraActivity"
46-->src/main/AndroidManifest.xml:40:13-43
47            android:clearTaskOnLaunch="true"
47-->src/main/AndroidManifest.xml:41:13-45
48            android:exported="true"
48-->src/main/AndroidManifest.xml:43:13-36
49            android:theme="@style/AppTheme" >
49-->src/main/AndroidManifest.xml:42:13-44
50
51            <!-- Main app intent filter -->
52            <intent-filter>
52-->src/main/AndroidManifest.xml:46:13-49:29
53                <action android:name="android.intent.action.MAIN" />
53-->src/main/AndroidManifest.xml:47:17-69
53-->src/main/AndroidManifest.xml:47:25-66
54
55                <category android:name="android.intent.category.LAUNCHER" />
55-->src/main/AndroidManifest.xml:48:17-77
55-->src/main/AndroidManifest.xml:48:27-74
56            </intent-filter>
57        </activity>
58
59        <!-- FileProvider used to share media with other apps -->
60        <provider
61            android:name="androidx.core.content.FileProvider"
61-->src/main/AndroidManifest.xml:55:13-62
62            android:authorities="com.arseniusgen.buffalo.provider"
62-->src/main/AndroidManifest.xml:56:13-60
63            android:exported="false"
63-->src/main/AndroidManifest.xml:57:13-37
64            android:grantUriPermissions="true" >
64-->src/main/AndroidManifest.xml:58:13-47
65            <meta-data
65-->src/main/AndroidManifest.xml:59:13-61:53
66                android:name="android.support.FILE_PROVIDER_PATHS"
66-->src/main/AndroidManifest.xml:60:17-67
67                android:resource="@xml/file_paths" />
67-->src/main/AndroidManifest.xml:61:17-51
68        </provider>
69    </application>
70
71</manifest>